-------------------------------------------------------------------------------
Test set: com.examly.springapp.SpringappApplicationTests
-------------------------------------------------------------------------------
Tests run: 8, Failures: 0, Errors: 8, Skipped: 0, Time elapsed: 13.481 s <<< FAILURE! - in com.examly.springapp.SpringappApplicationTests
testGetServiceAll  Time elapsed: 0.002 s  <<< ERROR!
java.lang.IllegalStateException: Failed to load ApplicationContext
Caused by: org.springframework.beans.factory.UnsatisfiedDependencyException: Error creating bean with name 'adminController': Unsatisfied dependency expressed through field 'productService'; nested exception is org.springframework.beans.factory.UnsatisfiedDependencyException: Error creating bean with name 'productServiceImpl': Unsatisfied dependency expressed through field 'productRepository'; nested exception is org.springframework.beans.factory.BeanCreationException: Error creating bean with name 'productRepository' defined in com.examly.springapp.repository.ProductRepository defined in @EnableJpaRepositories declared on JpaRepositoriesRegistrar.EnableJpaRepositoriesConfiguration: Invocation of init method failed; nested exception is org.springframework.data.repository.query.QueryCreationException: Could not create query for public abstract java.util.List com.examly.springapp.repository.ProductRepository.findByUserId(java.lang.Long); Reason: Failed to create query for method public abstract java.util.List com.examly.springapp.repository.ProductRepository.findByUserId(java.lang.Long)! No property 'id' found for type 'User'; Traversed path: Product.user; nested exception is java.lang.IllegalArgumentException: Failed to create query for method public abstract java.util.List com.examly.springapp.repository.ProductRepository.findByUserId(java.lang.Long)! No property 'id' found for type 'User'; Traversed path: Product.user
Caused by: org.springframework.beans.factory.UnsatisfiedDependencyException: Error creating bean with name 'productServiceImpl': Unsatisfied dependency expressed through field 'productRepository'; nested exception is org.springframework.beans.factory.BeanCreationException: Error creating bean with name 'productRepository' defined in com.examly.springapp.repository.ProductRepository defined in @EnableJpaRepositories declared on JpaRepositoriesRegistrar.EnableJpaRepositoriesConfiguration: Invocation of init method failed; nested exception is org.springframework.data.repository.query.QueryCreationException: Could not create query for public abstract java.util.List com.examly.springapp.repository.ProductRepository.findByUserId(java.lang.Long); Reason: Failed to create query for method public abstract java.util.List com.examly.springapp.repository.ProductRepository.findByUserId(java.lang.Long)! No property 'id' found for type 'User'; Traversed path: Product.user; nested exception is java.lang.IllegalArgumentException: Failed to create query for method public abstract java.util.List com.examly.springapp.repository.ProductRepository.findByUserId(java.lang.Long)! No property 'id' found for type 'User'; Traversed path: Product.user
Caused by: org.springframework.beans.factory.BeanCreationException: Error creating bean with name 'productRepository' defined in com.examly.springapp.repository.ProductRepository defined in @EnableJpaRepositories declared on JpaRepositoriesRegistrar.EnableJpaRepositoriesConfiguration: Invocation of init method failed; nested exception is org.springframework.data.repository.query.QueryCreationException: Could not create query for public abstract java.util.List com.examly.springapp.repository.ProductRepository.findByUserId(java.lang.Long); Reason: Failed to create query for method public abstract java.util.List com.examly.springapp.repository.ProductRepository.findByUserId(java.lang.Long)! No property 'id' found for type 'User'; Traversed path: Product.user; nested exception is java.lang.IllegalArgumentException: Failed to create query for method public abstract java.util.List com.examly.springapp.repository.ProductRepository.findByUserId(java.lang.Long)! No property 'id' found for type 'User'; Traversed path: Product.user
Caused by: org.springframework.data.repository.query.QueryCreationException: Could not create query for public abstract java.util.List com.examly.springapp.repository.ProductRepository.findByUserId(java.lang.Long); Reason: Failed to create query for method public abstract java.util.List com.examly.springapp.repository.ProductRepository.findByUserId(java.lang.Long)! No property 'id' found for type 'User'; Traversed path: Product.user; nested exception is java.lang.IllegalArgumentException: Failed to create query for method public abstract java.util.List com.examly.springapp.repository.ProductRepository.findByUserId(java.lang.Long)! No property 'id' found for type 'User'; Traversed path: Product.user
Caused by: java.lang.IllegalArgumentException: Failed to create query for method public abstract java.util.List com.examly.springapp.repository.ProductRepository.findByUserId(java.lang.Long)! No property 'id' found for type 'User'; Traversed path: Product.user
Caused by: org.springframework.data.mapping.PropertyReferenceException: No property 'id' found for type 'User'; Traversed path: Product.user

testGetServiceById  Time elapsed: 0 s  <<< ERROR!
java.lang.IllegalStateException: Failed to load ApplicationContext
Caused by: org.springframework.beans.factory.UnsatisfiedDependencyException: Error creating bean with name 'adminController': Unsatisfied dependency expressed through field 'productService'; nested exception is org.springframework.beans.factory.UnsatisfiedDependencyException: Error creating bean with name 'productServiceImpl': Unsatisfied dependency expressed through field 'productRepository'; nested exception is org.springframework.beans.factory.BeanCreationException: Error creating bean with name 'productRepository' defined in com.examly.springapp.repository.ProductRepository defined in @EnableJpaRepositories declared on JpaRepositoriesRegistrar.EnableJpaRepositoriesConfiguration: Invocation of init method failed; nested exception is org.springframework.data.repository.query.QueryCreationException: Could not create query for public abstract java.util.List com.examly.springapp.repository.ProductRepository.findByUserId(java.lang.Long); Reason: Failed to create query for method public abstract java.util.List com.examly.springapp.repository.ProductRepository.findByUserId(java.lang.Long)! No property 'id' found for type 'User'; Traversed path: Product.user; nested exception is java.lang.IllegalArgumentException: Failed to create query for method public abstract java.util.List com.examly.springapp.repository.ProductRepository.findByUserId(java.lang.Long)! No property 'id' found for type 'User'; Traversed path: Product.user
Caused by: org.springframework.beans.factory.UnsatisfiedDependencyException: Error creating bean with name 'productServiceImpl': Unsatisfied dependency expressed through field 'productRepository'; nested exception is org.springframework.beans.factory.BeanCreationException: Error creating bean with name 'productRepository' defined in com.examly.springapp.repository.ProductRepository defined in @EnableJpaRepositories declared on JpaRepositoriesRegistrar.EnableJpaRepositoriesConfiguration: Invocation of init method failed; nested exception is org.springframework.data.repository.query.QueryCreationException: Could not create query for public abstract java.util.List com.examly.springapp.repository.ProductRepository.findByUserId(java.lang.Long); Reason: Failed to create query for method public abstract java.util.List com.examly.springapp.repository.ProductRepository.findByUserId(java.lang.Long)! No property 'id' found for type 'User'; Traversed path: Product.user; nested exception is java.lang.IllegalArgumentException: Failed to create query for method public abstract java.util.List com.examly.springapp.repository.ProductRepository.findByUserId(java.lang.Long)! No property 'id' found for type 'User'; Traversed path: Product.user
Caused by: org.springframework.beans.factory.BeanCreationException: Error creating bean with name 'productRepository' defined in com.examly.springapp.repository.ProductRepository defined in @EnableJpaRepositories declared on JpaRepositoriesRegistrar.EnableJpaRepositoriesConfiguration: Invocation of init method failed; nested exception is org.springframework.data.repository.query.QueryCreationException: Could not create query for public abstract java.util.List com.examly.springapp.repository.ProductRepository.findByUserId(java.lang.Long); Reason: Failed to create query for method public abstract java.util.List com.examly.springapp.repository.ProductRepository.findByUserId(java.lang.Long)! No property 'id' found for type 'User'; Traversed path: Product.user; nested exception is java.lang.IllegalArgumentException: Failed to create query for method public abstract java.util.List com.examly.springapp.repository.ProductRepository.findByUserId(java.lang.Long)! No property 'id' found for type 'User'; Traversed path: Product.user
Caused by: org.springframework.data.repository.query.QueryCreationException: Could not create query for public abstract java.util.List com.examly.springapp.repository.ProductRepository.findByUserId(java.lang.Long); Reason: Failed to create query for method public abstract java.util.List com.examly.springapp.repository.ProductRepository.findByUserId(java.lang.Long)! No property 'id' found for type 'User'; Traversed path: Product.user; nested exception is java.lang.IllegalArgumentException: Failed to create query for method public abstract java.util.List com.examly.springapp.repository.ProductRepository.findByUserId(java.lang.Long)! No property 'id' found for type 'User'; Traversed path: Product.user
Caused by: java.lang.IllegalArgumentException: Failed to create query for method public abstract java.util.List com.examly.springapp.repository.ProductRepository.findByUserId(java.lang.Long)! No property 'id' found for type 'User'; Traversed path: Product.user
Caused by: org.springframework.data.mapping.PropertyReferenceException: No property 'id' found for type 'User'; Traversed path: Product.user

testGetAppointmentById  Time elapsed: 0 s  <<< ERROR!
java.lang.IllegalStateException: Failed to load ApplicationContext
Caused by: org.springframework.beans.factory.UnsatisfiedDependencyException: Error creating bean with name 'adminController': Unsatisfied dependency expressed through field 'productService'; nested exception is org.springframework.beans.factory.UnsatisfiedDependencyException: Error creating bean with name 'productServiceImpl': Unsatisfied dependency expressed through field 'productRepository'; nested exception is org.springframework.beans.factory.BeanCreationException: Error creating bean with name 'productRepository' defined in com.examly.springapp.repository.ProductRepository defined in @EnableJpaRepositories declared on JpaRepositoriesRegistrar.EnableJpaRepositoriesConfiguration: Invocation of init method failed; nested exception is org.springframework.data.repository.query.QueryCreationException: Could not create query for public abstract java.util.List com.examly.springapp.repository.ProductRepository.findByUserId(java.lang.Long); Reason: Failed to create query for method public abstract java.util.List com.examly.springapp.repository.ProductRepository.findByUserId(java.lang.Long)! No property 'id' found for type 'User'; Traversed path: Product.user; nested exception is java.lang.IllegalArgumentException: Failed to create query for method public abstract java.util.List com.examly.springapp.repository.ProductRepository.findByUserId(java.lang.Long)! No property 'id' found for type 'User'; Traversed path: Product.user
Caused by: org.springframework.beans.factory.UnsatisfiedDependencyException: Error creating bean with name 'productServiceImpl': Unsatisfied dependency expressed through field 'productRepository'; nested exception is org.springframework.beans.factory.BeanCreationException: Error creating bean with name 'productRepository' defined in com.examly.springapp.repository.ProductRepository defined in @EnableJpaRepositories declared on JpaRepositoriesRegistrar.EnableJpaRepositoriesConfiguration: Invocation of init method failed; nested exception is org.springframework.data.repository.query.QueryCreationException: Could not create query for public abstract java.util.List com.examly.springapp.repository.ProductRepository.findByUserId(java.lang.Long); Reason: Failed to create query for method public abstract java.util.List com.examly.springapp.repository.ProductRepository.findByUserId(java.lang.Long)! No property 'id' found for type 'User'; Traversed path: Product.user; nested exception is java.lang.IllegalArgumentException: Failed to create query for method public abstract java.util.List com.examly.springapp.repository.ProductRepository.findByUserId(java.lang.Long)! No property 'id' found for type 'User'; Traversed path: Product.user
Caused by: org.springframework.beans.factory.BeanCreationException: Error creating bean with name 'productRepository' defined in com.examly.springapp.repository.ProductRepository defined in @EnableJpaRepositories declared on JpaRepositoriesRegistrar.EnableJpaRepositoriesConfiguration: Invocation of init method failed; nested exception is org.springframework.data.repository.query.QueryCreationException: Could not create query for public abstract java.util.List com.examly.springapp.repository.ProductRepository.findByUserId(java.lang.Long); Reason: Failed to create query for method public abstract java.util.List com.examly.springapp.repository.ProductRepository.findByUserId(java.lang.Long)! No property 'id' found for type 'User'; Traversed path: Product.user; nested exception is java.lang.IllegalArgumentException: Failed to create query for method public abstract java.util.List com.examly.springapp.repository.ProductRepository.findByUserId(java.lang.Long)! No property 'id' found for type 'User'; Traversed path: Product.user
Caused by: org.springframework.data.repository.query.QueryCreationException: Could not create query for public abstract java.util.List com.examly.springapp.repository.ProductRepository.findByUserId(java.lang.Long); Reason: Failed to create query for method public abstract java.util.List com.examly.springapp.repository.ProductRepository.findByUserId(java.lang.Long)! No property 'id' found for type 'User'; Traversed path: Product.user; nested exception is java.lang.IllegalArgumentException: Failed to create query for method public abstract java.util.List com.examly.springapp.repository.ProductRepository.findByUserId(java.lang.Long)! No property 'id' found for type 'User'; Traversed path: Product.user
Caused by: java.lang.IllegalArgumentException: Failed to create query for method public abstract java.util.List com.examly.springapp.repository.ProductRepository.findByUserId(java.lang.Long)! No property 'id' found for type 'User'; Traversed path: Product.user
Caused by: org.springframework.data.mapping.PropertyReferenceException: No property 'id' found for type 'User'; Traversed path: Product.user

testGetAppointmentAll  Time elapsed: 0.001 s  <<< ERROR!
java.lang.IllegalStateException: Failed to load ApplicationContext
Caused by: org.springframework.beans.factory.UnsatisfiedDependencyException: Error creating bean with name 'adminController': Unsatisfied dependency expressed through field 'productService'; nested exception is org.springframework.beans.factory.UnsatisfiedDependencyException: Error creating bean with name 'productServiceImpl': Unsatisfied dependency expressed through field 'productRepository'; nested exception is org.springframework.beans.factory.BeanCreationException: Error creating bean with name 'productRepository' defined in com.examly.springapp.repository.ProductRepository defined in @EnableJpaRepositories declared on JpaRepositoriesRegistrar.EnableJpaRepositoriesConfiguration: Invocation of init method failed; nested exception is org.springframework.data.repository.query.QueryCreationException: Could not create query for public abstract java.util.List com.examly.springapp.repository.ProductRepository.findByUserId(java.lang.Long); Reason: Failed to create query for method public abstract java.util.List com.examly.springapp.repository.ProductRepository.findByUserId(java.lang.Long)! No property 'id' found for type 'User'; Traversed path: Product.user; nested exception is java.lang.IllegalArgumentException: Failed to create query for method public abstract java.util.List com.examly.springapp.repository.ProductRepository.findByUserId(java.lang.Long)! No property 'id' found for type 'User'; Traversed path: Product.user
Caused by: org.springframework.beans.factory.UnsatisfiedDependencyException: Error creating bean with name 'productServiceImpl': Unsatisfied dependency expressed through field 'productRepository'; nested exception is org.springframework.beans.factory.BeanCreationException: Error creating bean with name 'productRepository' defined in com.examly.springapp.repository.ProductRepository defined in @EnableJpaRepositories declared on JpaRepositoriesRegistrar.EnableJpaRepositoriesConfiguration: Invocation of init method failed; nested exception is org.springframework.data.repository.query.QueryCreationException: Could not create query for public abstract java.util.List com.examly.springapp.repository.ProductRepository.findByUserId(java.lang.Long); Reason: Failed to create query for method public abstract java.util.List com.examly.springapp.repository.ProductRepository.findByUserId(java.lang.Long)! No property 'id' found for type 'User'; Traversed path: Product.user; nested exception is java.lang.IllegalArgumentException: Failed to create query for method public abstract java.util.List com.examly.springapp.repository.ProductRepository.findByUserId(java.lang.Long)! No property 'id' found for type 'User'; Traversed path: Product.user
Caused by: org.springframework.beans.factory.BeanCreationException: Error creating bean with name 'productRepository' defined in com.examly.springapp.repository.ProductRepository defined in @EnableJpaRepositories declared on JpaRepositoriesRegistrar.EnableJpaRepositoriesConfiguration: Invocation of init method failed; nested exception is org.springframework.data.repository.query.QueryCreationException: Could not create query for public abstract java.util.List com.examly.springapp.repository.ProductRepository.findByUserId(java.lang.Long); Reason: Failed to create query for method public abstract java.util.List com.examly.springapp.repository.ProductRepository.findByUserId(java.lang.Long)! No property 'id' found for type 'User'; Traversed path: Product.user; nested exception is java.lang.IllegalArgumentException: Failed to create query for method public abstract java.util.List com.examly.springapp.repository.ProductRepository.findByUserId(java.lang.Long)! No property 'id' found for type 'User'; Traversed path: Product.user
Caused by: org.springframework.data.repository.query.QueryCreationException: Could not create query for public abstract java.util.List com.examly.springapp.repository.ProductRepository.findByUserId(java.lang.Long); Reason: Failed to create query for method public abstract java.util.List com.examly.springapp.repository.ProductRepository.findByUserId(java.lang.Long)! No property 'id' found for type 'User'; Traversed path: Product.user; nested exception is java.lang.IllegalArgumentException: Failed to create query for method public abstract java.util.List com.examly.springapp.repository.ProductRepository.findByUserId(java.lang.Long)! No property 'id' found for type 'User'; Traversed path: Product.user
Caused by: java.lang.IllegalArgumentException: Failed to create query for method public abstract java.util.List com.examly.springapp.repository.ProductRepository.findByUserId(java.lang.Long)! No property 'id' found for type 'User'; Traversed path: Product.user
Caused by: org.springframework.data.mapping.PropertyReferenceException: No property 'id' found for type 'User'; Traversed path: Product.user

test_case1  Time elapsed: 0 s  <<< ERROR!
java.lang.IllegalStateException: Failed to load ApplicationContext
Caused by: org.springframework.beans.factory.UnsatisfiedDependencyException: Error creating bean with name 'adminController': Unsatisfied dependency expressed through field 'productService'; nested exception is org.springframework.beans.factory.UnsatisfiedDependencyException: Error creating bean with name 'productServiceImpl': Unsatisfied dependency expressed through field 'productRepository'; nested exception is org.springframework.beans.factory.BeanCreationException: Error creating bean with name 'productRepository' defined in com.examly.springapp.repository.ProductRepository defined in @EnableJpaRepositories declared on JpaRepositoriesRegistrar.EnableJpaRepositoriesConfiguration: Invocation of init method failed; nested exception is org.springframework.data.repository.query.QueryCreationException: Could not create query for public abstract java.util.List com.examly.springapp.repository.ProductRepository.findByUserId(java.lang.Long); Reason: Failed to create query for method public abstract java.util.List com.examly.springapp.repository.ProductRepository.findByUserId(java.lang.Long)! No property 'id' found for type 'User'; Traversed path: Product.user; nested exception is java.lang.IllegalArgumentException: Failed to create query for method public abstract java.util.List com.examly.springapp.repository.ProductRepository.findByUserId(java.lang.Long)! No property 'id' found for type 'User'; Traversed path: Product.user
Caused by: org.springframework.beans.factory.UnsatisfiedDependencyException: Error creating bean with name 'productServiceImpl': Unsatisfied dependency expressed through field 'productRepository'; nested exception is org.springframework.beans.factory.BeanCreationException: Error creating bean with name 'productRepository' defined in com.examly.springapp.repository.ProductRepository defined in @EnableJpaRepositories declared on JpaRepositoriesRegistrar.EnableJpaRepositoriesConfiguration: Invocation of init method failed; nested exception is org.springframework.data.repository.query.QueryCreationException: Could not create query for public abstract java.util.List com.examly.springapp.repository.ProductRepository.findByUserId(java.lang.Long); Reason: Failed to create query for method public abstract java.util.List com.examly.springapp.repository.ProductRepository.findByUserId(java.lang.Long)! No property 'id' found for type 'User'; Traversed path: Product.user; nested exception is java.lang.IllegalArgumentException: Failed to create query for method public abstract java.util.List com.examly.springapp.repository.ProductRepository.findByUserId(java.lang.Long)! No property 'id' found for type 'User'; Traversed path: Product.user
Caused by: org.springframework.beans.factory.BeanCreationException: Error creating bean with name 'productRepository' defined in com.examly.springapp.repository.ProductRepository defined in @EnableJpaRepositories declared on JpaRepositoriesRegistrar.EnableJpaRepositoriesConfiguration: Invocation of init method failed; nested exception is org.springframework.data.repository.query.QueryCreationException: Could not create query for public abstract java.util.List com.examly.springapp.repository.ProductRepository.findByUserId(java.lang.Long); Reason: Failed to create query for method public abstract java.util.List com.examly.springapp.repository.ProductRepository.findByUserId(java.lang.Long)! No property 'id' found for type 'User'; Traversed path: Product.user; nested exception is java.lang.IllegalArgumentException: Failed to create query for method public abstract java.util.List com.examly.springapp.repository.ProductRepository.findByUserId(java.lang.Long)! No property 'id' found for type 'User'; Traversed path: Product.user
Caused by: org.springframework.data.repository.query.QueryCreationException: Could not create query for public abstract java.util.List com.examly.springapp.repository.ProductRepository.findByUserId(java.lang.Long); Reason: Failed to create query for method public abstract java.util.List com.examly.springapp.repository.ProductRepository.findByUserId(java.lang.Long)! No property 'id' found for type 'User'; Traversed path: Product.user; nested exception is java.lang.IllegalArgumentException: Failed to create query for method public abstract java.util.List com.examly.springapp.repository.ProductRepository.findByUserId(java.lang.Long)! No property 'id' found for type 'User'; Traversed path: Product.user
Caused by: java.lang.IllegalArgumentException: Failed to create query for method public abstract java.util.List com.examly.springapp.repository.ProductRepository.findByUserId(java.lang.Long)! No property 'id' found for type 'User'; Traversed path: Product.user
Caused by: org.springframework.data.mapping.PropertyReferenceException: No property 'id' found for type 'User'; Traversed path: Product.user

test_case2  Time elapsed: 0 s  <<< ERROR!
java.lang.IllegalStateException: Failed to load ApplicationContext
Caused by: org.springframework.beans.factory.UnsatisfiedDependencyException: Error creating bean with name 'adminController': Unsatisfied dependency expressed through field 'productService'; nested exception is org.springframework.beans.factory.UnsatisfiedDependencyException: Error creating bean with name 'productServiceImpl': Unsatisfied dependency expressed through field 'productRepository'; nested exception is org.springframework.beans.factory.BeanCreationException: Error creating bean with name 'productRepository' defined in com.examly.springapp.repository.ProductRepository defined in @EnableJpaRepositories declared on JpaRepositoriesRegistrar.EnableJpaRepositoriesConfiguration: Invocation of init method failed; nested exception is org.springframework.data.repository.query.QueryCreationException: Could not create query for public abstract java.util.List com.examly.springapp.repository.ProductRepository.findByUserId(java.lang.Long); Reason: Failed to create query for method public abstract java.util.List com.examly.springapp.repository.ProductRepository.findByUserId(java.lang.Long)! No property 'id' found for type 'User'; Traversed path: Product.user; nested exception is java.lang.IllegalArgumentException: Failed to create query for method public abstract java.util.List com.examly.springapp.repository.ProductRepository.findByUserId(java.lang.Long)! No property 'id' found for type 'User'; Traversed path: Product.user
Caused by: org.springframework.beans.factory.UnsatisfiedDependencyException: Error creating bean with name 'productServiceImpl': Unsatisfied dependency expressed through field 'productRepository'; nested exception is org.springframework.beans.factory.BeanCreationException: Error creating bean with name 'productRepository' defined in com.examly.springapp.repository.ProductRepository defined in @EnableJpaRepositories declared on JpaRepositoriesRegistrar.EnableJpaRepositoriesConfiguration: Invocation of init method failed; nested exception is org.springframework.data.repository.query.QueryCreationException: Could not create query for public abstract java.util.List com.examly.springapp.repository.ProductRepository.findByUserId(java.lang.Long); Reason: Failed to create query for method public abstract java.util.List com.examly.springapp.repository.ProductRepository.findByUserId(java.lang.Long)! No property 'id' found for type 'User'; Traversed path: Product.user; nested exception is java.lang.IllegalArgumentException: Failed to create query for method public abstract java.util.List com.examly.springapp.repository.ProductRepository.findByUserId(java.lang.Long)! No property 'id' found for type 'User'; Traversed path: Product.user
Caused by: org.springframework.beans.factory.BeanCreationException: Error creating bean with name 'productRepository' defined in com.examly.springapp.repository.ProductRepository defined in @EnableJpaRepositories declared on JpaRepositoriesRegistrar.EnableJpaRepositoriesConfiguration: Invocation of init method failed; nested exception is org.springframework.data.repository.query.QueryCreationException: Could not create query for public abstract java.util.List com.examly.springapp.repository.ProductRepository.findByUserId(java.lang.Long); Reason: Failed to create query for method public abstract java.util.List com.examly.springapp.repository.ProductRepository.findByUserId(java.lang.Long)! No property 'id' found for type 'User'; Traversed path: Product.user; nested exception is java.lang.IllegalArgumentException: Failed to create query for method public abstract java.util.List com.examly.springapp.repository.ProductRepository.findByUserId(java.lang.Long)! No property 'id' found for type 'User'; Traversed path: Product.user
Caused by: org.springframework.data.repository.query.QueryCreationException: Could not create query for public abstract java.util.List com.examly.springapp.repository.ProductRepository.findByUserId(java.lang.Long); Reason: Failed to create query for method public abstract java.util.List com.examly.springapp.repository.ProductRepository.findByUserId(java.lang.Long)! No property 'id' found for type 'User'; Traversed path: Product.user; nested exception is java.lang.IllegalArgumentException: Failed to create query for method public abstract java.util.List com.examly.springapp.repository.ProductRepository.findByUserId(java.lang.Long)! No property 'id' found for type 'User'; Traversed path: Product.user
Caused by: java.lang.IllegalArgumentException: Failed to create query for method public abstract java.util.List com.examly.springapp.repository.ProductRepository.findByUserId(java.lang.Long)! No property 'id' found for type 'User'; Traversed path: Product.user
Caused by: org.springframework.data.mapping.PropertyReferenceException: No property 'id' found for type 'User'; Traversed path: Product.user

test_case3  Time elapsed: 0 s  <<< ERROR!
java.lang.IllegalStateException: Failed to load ApplicationContext
Caused by: org.springframework.beans.factory.UnsatisfiedDependencyException: Error creating bean with name 'adminController': Unsatisfied dependency expressed through field 'productService'; nested exception is org.springframework.beans.factory.UnsatisfiedDependencyException: Error creating bean with name 'productServiceImpl': Unsatisfied dependency expressed through field 'productRepository'; nested exception is org.springframework.beans.factory.BeanCreationException: Error creating bean with name 'productRepository' defined in com.examly.springapp.repository.ProductRepository defined in @EnableJpaRepositories declared on JpaRepositoriesRegistrar.EnableJpaRepositoriesConfiguration: Invocation of init method failed; nested exception is org.springframework.data.repository.query.QueryCreationException: Could not create query for public abstract java.util.List com.examly.springapp.repository.ProductRepository.findByUserId(java.lang.Long); Reason: Failed to create query for method public abstract java.util.List com.examly.springapp.repository.ProductRepository.findByUserId(java.lang.Long)! No property 'id' found for type 'User'; Traversed path: Product.user; nested exception is java.lang.IllegalArgumentException: Failed to create query for method public abstract java.util.List com.examly.springapp.repository.ProductRepository.findByUserId(java.lang.Long)! No property 'id' found for type 'User'; Traversed path: Product.user
Caused by: org.springframework.beans.factory.UnsatisfiedDependencyException: Error creating bean with name 'productServiceImpl': Unsatisfied dependency expressed through field 'productRepository'; nested exception is org.springframework.beans.factory.BeanCreationException: Error creating bean with name 'productRepository' defined in com.examly.springapp.repository.ProductRepository defined in @EnableJpaRepositories declared on JpaRepositoriesRegistrar.EnableJpaRepositoriesConfiguration: Invocation of init method failed; nested exception is org.springframework.data.repository.query.QueryCreationException: Could not create query for public abstract java.util.List com.examly.springapp.repository.ProductRepository.findByUserId(java.lang.Long); Reason: Failed to create query for method public abstract java.util.List com.examly.springapp.repository.ProductRepository.findByUserId(java.lang.Long)! No property 'id' found for type 'User'; Traversed path: Product.user; nested exception is java.lang.IllegalArgumentException: Failed to create query for method public abstract java.util.List com.examly.springapp.repository.ProductRepository.findByUserId(java.lang.Long)! No property 'id' found for type 'User'; Traversed path: Product.user
Caused by: org.springframework.beans.factory.BeanCreationException: Error creating bean with name 'productRepository' defined in com.examly.springapp.repository.ProductRepository defined in @EnableJpaRepositories declared on JpaRepositoriesRegistrar.EnableJpaRepositoriesConfiguration: Invocation of init method failed; nested exception is org.springframework.data.repository.query.QueryCreationException: Could not create query for public abstract java.util.List com.examly.springapp.repository.ProductRepository.findByUserId(java.lang.Long); Reason: Failed to create query for method public abstract java.util.List com.examly.springapp.repository.ProductRepository.findByUserId(java.lang.Long)! No property 'id' found for type 'User'; Traversed path: Product.user; nested exception is java.lang.IllegalArgumentException: Failed to create query for method public abstract java.util.List com.examly.springapp.repository.ProductRepository.findByUserId(java.lang.Long)! No property 'id' found for type 'User'; Traversed path: Product.user
Caused by: org.springframework.data.repository.query.QueryCreationException: Could not create query for public abstract java.util.List com.examly.springapp.repository.ProductRepository.findByUserId(java.lang.Long); Reason: Failed to create query for method public abstract java.util.List com.examly.springapp.repository.ProductRepository.findByUserId(java.lang.Long)! No property 'id' found for type 'User'; Traversed path: Product.user; nested exception is java.lang.IllegalArgumentException: Failed to create query for method public abstract java.util.List com.examly.springapp.repository.ProductRepository.findByUserId(java.lang.Long)! No property 'id' found for type 'User'; Traversed path: Product.user
Caused by: java.lang.IllegalArgumentException: Failed to create query for method public abstract java.util.List com.examly.springapp.repository.ProductRepository.findByUserId(java.lang.Long)! No property 'id' found for type 'User'; Traversed path: Product.user
Caused by: org.springframework.data.mapping.PropertyReferenceException: No property 'id' found for type 'User'; Traversed path: Product.user

test_case4  Time elapsed: 0 s  <<< ERROR!
java.lang.IllegalStateException: Failed to load ApplicationContext
Caused by: org.springframework.beans.factory.UnsatisfiedDependencyException: Error creating bean with name 'adminController': Unsatisfied dependency expressed through field 'productService'; nested exception is org.springframework.beans.factory.UnsatisfiedDependencyException: Error creating bean with name 'productServiceImpl': Unsatisfied dependency expressed through field 'productRepository'; nested exception is org.springframework.beans.factory.BeanCreationException: Error creating bean with name 'productRepository' defined in com.examly.springapp.repository.ProductRepository defined in @EnableJpaRepositories declared on JpaRepositoriesRegistrar.EnableJpaRepositoriesConfiguration: Invocation of init method failed; nested exception is org.springframework.data.repository.query.QueryCreationException: Could not create query for public abstract java.util.List com.examly.springapp.repository.ProductRepository.findByUserId(java.lang.Long); Reason: Failed to create query for method public abstract java.util.List com.examly.springapp.repository.ProductRepository.findByUserId(java.lang.Long)! No property 'id' found for type 'User'; Traversed path: Product.user; nested exception is java.lang.IllegalArgumentException: Failed to create query for method public abstract java.util.List com.examly.springapp.repository.ProductRepository.findByUserId(java.lang.Long)! No property 'id' found for type 'User'; Traversed path: Product.user
Caused by: org.springframework.beans.factory.UnsatisfiedDependencyException: Error creating bean with name 'productServiceImpl': Unsatisfied dependency expressed through field 'productRepository'; nested exception is org.springframework.beans.factory.BeanCreationException: Error creating bean with name 'productRepository' defined in com.examly.springapp.repository.ProductRepository defined in @EnableJpaRepositories declared on JpaRepositoriesRegistrar.EnableJpaRepositoriesConfiguration: Invocation of init method failed; nested exception is org.springframework.data.repository.query.QueryCreationException: Could not create query for public abstract java.util.List com.examly.springapp.repository.ProductRepository.findByUserId(java.lang.Long); Reason: Failed to create query for method public abstract java.util.List com.examly.springapp.repository.ProductRepository.findByUserId(java.lang.Long)! No property 'id' found for type 'User'; Traversed path: Product.user; nested exception is java.lang.IllegalArgumentException: Failed to create query for method public abstract java.util.List com.examly.springapp.repository.ProductRepository.findByUserId(java.lang.Long)! No property 'id' found for type 'User'; Traversed path: Product.user
Caused by: org.springframework.beans.factory.BeanCreationException: Error creating bean with name 'productRepository' defined in com.examly.springapp.repository.ProductRepository defined in @EnableJpaRepositories declared on JpaRepositoriesRegistrar.EnableJpaRepositoriesConfiguration: Invocation of init method failed; nested exception is org.springframework.data.repository.query.QueryCreationException: Could not create query for public abstract java.util.List com.examly.springapp.repository.ProductRepository.findByUserId(java.lang.Long); Reason: Failed to create query for method public abstract java.util.List com.examly.springapp.repository.ProductRepository.findByUserId(java.lang.Long)! No property 'id' found for type 'User'; Traversed path: Product.user; nested exception is java.lang.IllegalArgumentException: Failed to create query for method public abstract java.util.List com.examly.springapp.repository.ProductRepository.findByUserId(java.lang.Long)! No property 'id' found for type 'User'; Traversed path: Product.user
Caused by: org.springframework.data.repository.query.QueryCreationException: Could not create query for public abstract java.util.List com.examly.springapp.repository.ProductRepository.findByUserId(java.lang.Long); Reason: Failed to create query for method public abstract java.util.List com.examly.springapp.repository.ProductRepository.findByUserId(java.lang.Long)! No property 'id' found for type 'User'; Traversed path: Product.user; nested exception is java.lang.IllegalArgumentException: Failed to create query for method public abstract java.util.List com.examly.springapp.repository.ProductRepository.findByUserId(java.lang.Long)! No property 'id' found for type 'User'; Traversed path: Product.user
Caused by: java.lang.IllegalArgumentException: Failed to create query for method public abstract java.util.List com.examly.springapp.repository.ProductRepository.findByUserId(java.lang.Long)! No property 'id' found for type 'User'; Traversed path: Product.user
Caused by: org.springframework.data.mapping.PropertyReferenceException: No property 'id' found for type 'User'; Traversed path: Product.user

