-------------------------------------------------------------------------------
Test set: com.examly.springapp.SpringappApplicationTests
-------------------------------------------------------------------------------
Tests run: 8, Failures: 0, Errors: 8, Skipped: 0, Time elapsed: 5.967 s <<< FAILURE! - in com.examly.springapp.SpringappApplicationTests
testGetServiceAll  Time elapsed: 0.001 s  <<< ERROR!
java.lang.IllegalStateException: Failed to load ApplicationContext
Caused by: org.springframework.beans.factory.BeanCreationException: Error creating bean with name 'entityManagerFactory' defined in class path resource [org/springframework/boot/autoconfigure/orm/jpa/HibernateJpaConfiguration.class]: Invocation of init method failed; nested exception is org.hibernate.AnnotationException: mappedBy reference an unknown target entity property: com.examly.springapp.model.Product.serviceCenter in com.examly.springapp.model.ServiceCenter.products
Caused by: org.hibernate.AnnotationException: mappedBy reference an unknown target entity property: com.examly.springapp.model.Product.serviceCenter in com.examly.springapp.model.ServiceCenter.products

testGetServiceById  Time elapsed: 0 s  <<< ERROR!
java.lang.IllegalStateException: Failed to load ApplicationContext
Caused by: org.springframework.beans.factory.BeanCreationException: Error creating bean with name 'entityManagerFactory' defined in class path resource [org/springframework/boot/autoconfigure/orm/jpa/HibernateJpaConfiguration.class]: Invocation of init method failed; nested exception is org.hibernate.AnnotationException: mappedBy reference an unknown target entity property: com.examly.springapp.model.Product.serviceCenter in com.examly.springapp.model.ServiceCenter.products
Caused by: org.hibernate.AnnotationException: mappedBy reference an unknown target entity property: com.examly.springapp.model.Product.serviceCenter in com.examly.springapp.model.ServiceCenter.products

testGetAppointmentById  Time elapsed: 0 s  <<< ERROR!
java.lang.IllegalStateException: Failed to load ApplicationContext
Caused by: org.springframework.beans.factory.BeanCreationException: Error creating bean with name 'entityManagerFactory' defined in class path resource [org/springframework/boot/autoconfigure/orm/jpa/HibernateJpaConfiguration.class]: Invocation of init method failed; nested exception is org.hibernate.AnnotationException: mappedBy reference an unknown target entity property: com.examly.springapp.model.Product.serviceCenter in com.examly.springapp.model.ServiceCenter.products
Caused by: org.hibernate.AnnotationException: mappedBy reference an unknown target entity property: com.examly.springapp.model.Product.serviceCenter in com.examly.springapp.model.ServiceCenter.products

testGetAppointmentAll  Time elapsed: 0 s  <<< ERROR!
java.lang.IllegalStateException: Failed to load ApplicationContext
Caused by: org.springframework.beans.factory.BeanCreationException: Error creating bean with name 'entityManagerFactory' defined in class path resource [org/springframework/boot/autoconfigure/orm/jpa/HibernateJpaConfiguration.class]: Invocation of init method failed; nested exception is org.hibernate.AnnotationException: mappedBy reference an unknown target entity property: com.examly.springapp.model.Product.serviceCenter in com.examly.springapp.model.ServiceCenter.products
Caused by: org.hibernate.AnnotationException: mappedBy reference an unknown target entity property: com.examly.springapp.model.Product.serviceCenter in com.examly.springapp.model.ServiceCenter.products

test_case1  Time elapsed: 0 s  <<< ERROR!
java.lang.IllegalStateException: Failed to load ApplicationContext
Caused by: org.springframework.beans.factory.BeanCreationException: Error creating bean with name 'entityManagerFactory' defined in class path resource [org/springframework/boot/autoconfigure/orm/jpa/HibernateJpaConfiguration.class]: Invocation of init method failed; nested exception is org.hibernate.AnnotationException: mappedBy reference an unknown target entity property: com.examly.springapp.model.Product.serviceCenter in com.examly.springapp.model.ServiceCenter.products
Caused by: org.hibernate.AnnotationException: mappedBy reference an unknown target entity property: com.examly.springapp.model.Product.serviceCenter in com.examly.springapp.model.ServiceCenter.products

test_case2  Time elapsed: 0 s  <<< ERROR!
java.lang.IllegalStateException: Failed to load ApplicationContext
Caused by: org.springframework.beans.factory.BeanCreationException: Error creating bean with name 'entityManagerFactory' defined in class path resource [org/springframework/boot/autoconfigure/orm/jpa/HibernateJpaConfiguration.class]: Invocation of init method failed; nested exception is org.hibernate.AnnotationException: mappedBy reference an unknown target entity property: com.examly.springapp.model.Product.serviceCenter in com.examly.springapp.model.ServiceCenter.products
Caused by: org.hibernate.AnnotationException: mappedBy reference an unknown target entity property: com.examly.springapp.model.Product.serviceCenter in com.examly.springapp.model.ServiceCenter.products

test_case3  Time elapsed: 0.001 s  <<< ERROR!
java.lang.IllegalStateException: Failed to load ApplicationContext
Caused by: org.springframework.beans.factory.BeanCreationException: Error creating bean with name 'entityManagerFactory' defined in class path resource [org/springframework/boot/autoconfigure/orm/jpa/HibernateJpaConfiguration.class]: Invocation of init method failed; nested exception is org.hibernate.AnnotationException: mappedBy reference an unknown target entity property: com.examly.springapp.model.Product.serviceCenter in com.examly.springapp.model.ServiceCenter.products
Caused by: org.hibernate.AnnotationException: mappedBy reference an unknown target entity property: com.examly.springapp.model.Product.serviceCenter in com.examly.springapp.model.ServiceCenter.products

test_case4  Time elapsed: 0 s  <<< ERROR!
java.lang.IllegalStateException: Failed to load ApplicationContext
Caused by: org.springframework.beans.factory.BeanCreationException: Error creating bean with name 'entityManagerFactory' defined in class path resource [org/springframework/boot/autoconfigure/orm/jpa/HibernateJpaConfiguration.class]: Invocation of init method failed; nested exception is org.hibernate.AnnotationException: mappedBy reference an unknown target entity property: com.examly.springapp.model.Product.serviceCenter in com.examly.springapp.model.ServiceCenter.products
Caused by: org.hibernate.AnnotationException: mappedBy reference an unknown target entity property: com.examly.springapp.model.Product.serviceCenter in com.examly.springapp.model.ServiceCenter.products

